<?xml version="1.0" encoding="UTF-8"?>
<!-- Generated by org.testng.reporters.JUnitReportReporter -->
<testsuite hostname="FLCDTLD01RX342P" name="com.myapp.MoneyTransferTest" tests="2" failures="0" timestamp="22 Feb 2012 18:18:51 GMT" time="0.006" errors="0">
  <testcase name="transferMoneyTest" time="0.001" classname="com.myapp.MoneyTransferTest"/>
  <testcase name="transferMoneyTest" time="0.005" classname="com.myapp.MoneyTransferTest"/>
</testsuite> <!-- com.myapp.MoneyTransferTest -->
