<?xml version="1.0" encoding="UTF-8"?>
<!-- Generated by org.testng.reporters.JUnitReportReporter -->
<testsuite hostname="FLCDTLD01RX342P" name="MyAppTest" tests="3" failures="0" timestamp="22 Feb 2012 17:22:56 GMT" time="0.011" errors="0">
  <testcase name="testLogin" time="0.010" classname="MyAppTest"/>
  <testcase name="testSendEmail" time="0.000" classname="MyAppTest"/>
  <testcase name="testRegister" time="0.001" classname="MyAppTest"/>
</testsuite> <!-- MyAppTest -->
