<?xml version="1.0" encoding="UTF-8"?>
<!-- Generated by org.testng.reporters.JUnitReportReporter -->
<testsuite hostname="FLCDTLD01RX342P" name="TestNGTest1" tests="2" failures="0" timestamp="22 Feb 2012 17:19:50 GMT" time="0.035" errors="0">
  <testcase name="testOneItemCollection" time="0.001" classname="TestNGTest1"/>
  <testcase name="testEmptyCollection" time="0.034" classname="TestNGTest1"/>
</testsuite> <!-- TestNGTest1 -->
