<?xml version="1.0" encoding="UTF-8"?>
<!-- Generated by org.testng.reporters.JUnitReportReporter -->
<testsuite hostname="FLCDTLD01RX342P" name="com.myapp.NewTest" tests="3" failures="0" timestamp="22 Feb 2012 18:18:51 GMT" time="0.003" errors="0">
  <testcase name="testApp3" time="0.001" classname="com.myapp.NewTest"/>
  <testcase name="testApp1" time="0.002" classname="com.myapp.NewTest"/>
  <testcase name="testApp2" time="0.000" classname="com.myapp.NewTest"/>
</testsuite> <!-- com.myapp.NewTest -->
