<?xml version="1.0" encoding="UTF-8"?>
<!-- Generated by org.testng.reporters.JUnitReportReporter -->
<testsuite hostname="FLCDTLD01RX342P" name="com.myapp.SampleTest" tests="1" failures="1" timestamp="22 Feb 2012 18:18:51 GMT" time="0.000" errors="0">
  <testcase name="testLandingPage" time="0.000" classname="com.myapp.SampleTest"/>
</testsuite> <!-- com.myapp.SampleTest -->
